Arguments: 
  /usr/local/bin/node /usr/local/Cellar/yarn/1.9.4/libexec/bin/yarn.js add eslint

PATH: 
  /usr/local/bin:/usr/local/bin:/usr/bin:/bin:/usr/sbin:/sbin:/Applications/VMware Fusion.app/Contents/Public:/Users/developer5/Library/Android/sdk/platform-tools:/Users/developer5/Library/Android/sdk/tools:/Users/developer5/Library/Android/sdk/platform-tools:/Users/developer5/Library/Android/sdk/tools

Yarn version: 
  1.9.4

Node version: 
  8.10.0

Platform: 
  darwin x64

Trace: 
  SyntaxError: /Users/developer5/src/creater/package.json: Unexpected token } in JSON at position 745
      at JSON.parse (<anonymous>)
      at /usr/local/Cellar/yarn/1.9.4/libexec/lib/cli.js:1130:59
      at Generator.next (<anonymous>)
      at step (/usr/local/Cellar/yarn/1.9.4/libexec/lib/cli.js:92:30)
      at /usr/local/Cellar/yarn/1.9.4/libexec/lib/cli.js:103:13
      at <anonymous>

npm manifest: 
  {
    "name": "creater",
    "version": "0.1.0",
    "description": "A tool to help you reduce duplication of work in your code.",
    "main": "index.js",
    "scripts": {
      "test": "echo \"Error: no test specified\" && exit 1"
    },
    "dependencies": {
      "commander": "^2.20.0"
    },
    "devDependencies":{
      "commander": "^2.20.0"
    },
    "bin": {
      "creater": "bin/creater.js"
    },
    "repository": {
      "type": "git",
      "url": "https://github.com/qw110946/creater.git"
    },
    "keywords": [
      "creater",
      "create",
      "reduce",
      "duplication",
      "work"
    ],
    "author": "qw110946",
    "license": "MIT",
    "bugs": {
      "url": "https://github.com/qw110946/creater/issues"
    },
    "homepage": "https://github.com/qw110946/creater#readme",
  }

yarn manifest: 
  No manifest

Lockfile: 
  # THIS IS AN AUTOGENERATED FILE. DO NOT EDIT THIS FILE DIRECTLY.
  # yarn lockfile v1
  
  
  commander@^2.20.0:
    version "2.20.0"
    resolved "https://registry.yarnpkg.com/commander/-/commander-2.20.0.tgz#d58bb2b5c1ee8f87b0d340027e9e94e222c5a422"
